<?xml version="1.0" encoding="UTF-8"?>
<testsuite xmlns:xsi="http://www.w3.org/2001/XMLSchema-instance" xsi:noNamespaceSchemaLocation="https://maven.apache.org/surefire/maven-surefire-plugin/xsd/surefire-test-report.xsd" name="com.cognizant.springlearn.SpringLearnApplicationTests" time="4.549" tests="4" errors="0" skipped="0" failures="0">
  <properties>
[...]
</properties>
  <testcase name="testAuthenticateSuccess" classname="com.cognizant.springlearn.SpringLearnApplicationTests" time="0.606"/>
  <testcase name="testUpdateEmployeeNotFound" classname="com.cognizant.springlearn.SpringLearnApplicationTests" time="0.309"/>
  <testcase name="testGetCountriesUnauthorized" classname="com.cognizant.springlearn.SpringLearnApplicationTests" time="0.007"/>
  <testcase name="contextLoads" classname="com.cognizant.springlearn.SpringLearnApplicationTests" time="0.001"/>
</testsuite>